Application     C:\Users\User\Documents\Consultancy\WHO\HHFA\HHFA_Git\MainHHFA\process\edit\HFA_Edit.bch
Type            BATCH
Input Data      <<CSPro DB>> C:\Users\User\Documents\Consultancy\WHO\HHFA\HHFA_Git\MainHHFA\data\2_HFA_COMB_FINALDATA.csdb
Output Data     <<CSPro DB>> C:\Users\User\Documents\Consultancy\WHO\HHFA\HHFA_Git\MainHHFA\data\6_HFA_COMB_FINALDATA_EDITED.csdb

Date            Jun 28, 2023
Start Time      18:05:20
End Time        18:05:21

CSPro Process Summary

      ╔══════════════════════════════════════════════════════╗
      ║       104 Records Read   100% of input file          ║
      ║         0 Ignored:       0 Unknown         0 Erased  ║
      ║         0 Messages:      0 E      0 W      0 User    ║
      ╠═════════╦══════════════╦══════════════╦══════════════╣
      ║  Level  ║  Input Case  ║  Bad Struct  ║  Level Post  ║
      ╠═════════╬══════════════╬══════════════╬══════════════╣
      ║      1  ║           2  ║           0  ║           2  ║
      ╚═════════╩══════════════╩══════════════╩══════════════╝

Process Messages


CSPro Executor Normal End
------------------------------------------------------------------------------------------------------------------------
