Application     C:\Users\User\Documents\Consultancy\WHO\HHFA\HHFA_Git\MainHHFA\process\edit\Supervisor_split.bch
Type            BATCH
Input Data      <<CSPro DB>> C:\Users\User\Documents\Consultancy\WHO\HHFA\HHFA_Git\MainHHFA\data\HFA_COMB.csdb
Output Data     <<Empty>> 

Date            Jun 28, 2023
Start Time      18:08:02
End Time        18:08:02

CSPro Process Summary

      ╔══════════════════════════════════════════════════════╗
      ║        52 Records Read   100% of input file          ║
      ║         0 Ignored:       0 Unknown         0 Erased  ║
      ║         0 Messages:      0 E      0 W      0 User    ║
      ╠═════════╦══════════════╦══════════════╦══════════════╣
      ║  Level  ║  Input Case  ║  Bad Struct  ║  Level Post  ║
      ╠═════════╬══════════════╬══════════════╬══════════════╣
      ║      1  ║           1  ║           0  ║           1  ║
      ╚═════════╩══════════════╩══════════════╩══════════════╝

Process Messages


CSPro Executor Normal End
------------------------------------------------------------------------------------------------------------------------
